[19:52:24] [ServerMain/INFO]: [bootstrap] Running Java 21 (OpenJDK 64-Bit Server VM 21.0.7+6-LTS; Eclipse Adoptium Temurin-21.0.7+6) on Windows 11 10.0 (amd64)
[19:52:24] [ServerMain/INFO]: [bootstrap] Loading Paper 1.21-130-master@b1b5d4c (2024-08-10T10:02:42Z) for Minecraft 1.21
[19:52:24] [ServerMain/INFO]: [PluginInitializerManager] Initializing plugins...
[19:52:25] [ServerMain/INFO]: [PluginInitializerManager] Initialized 1 plugin
[19:52:25] [ServerMain/INFO]: [PluginInitializerManager] Bukkit plugins (1):
 - fenixutilities (1.0-SNAPSHOT)
[19:52:28] [ServerMain/INFO]: Environment: Environment[sessionHost=https://sessionserver.mojang.com, servicesHost=https://api.minecraftservices.com, name=PROD]
[19:52:29] [ServerMain/INFO]: Loaded 1290 recipes
[19:52:29] [ServerMain/INFO]: Loaded 1399 advancements
[19:52:30] [Server thread/INFO]: Starting minecraft server version 1.21
[19:52:30] [Server thread/INFO]: Loading properties
[19:52:30] [Server thread/INFO]: This server is running Paper version 1.21-130-master@b1b5d4c (2024-08-10T10:02:42Z) (Implementing API version 1.21-R0.1-SNAPSHOT)
[19:52:30] [Server thread/INFO]: [spark] This server bundles the spark profiler. For more information please visit https://docs.papermc.io/paper/profiling
[19:52:30] [Server thread/INFO]: Using 4 threads for Netty based IO
[19:52:30] [Server thread/INFO]: Server Ping Player Sample Count: 12
[19:52:31] [Server thread/INFO]: [ChunkTaskScheduler] Chunk system is using 1 I/O threads, 3 worker threads, and population gen parallelism of 3 threads
[19:52:31] [Server thread/INFO]: Default game type: SURVIVAL
[19:52:31] [Server thread/INFO]: Generating keypair
[19:52:31] [Server thread/INFO]: Starting Minecraft server on *:25565
[19:52:31] [Server thread/INFO]: Using default channel type
[19:52:31] [Server thread/INFO]: Paper: Using Java compression from Velocity.
[19:52:31] [Server thread/INFO]: Paper: Using Java cipher from Velocity.
[19:52:31] [Server thread/INFO]: [fenixutilities] Loading server plugin fenixutilities v1.0-SNAPSHOT
[19:52:31] [Server thread/INFO]: Server permissions file permissions.yml is empty, ignoring it
[19:52:31] [Server thread/WARN]: **** SERVER IS RUNNING IN OFFLINE/INSECURE MODE!
[19:52:31] [Server thread/WARN]: The server will make no attempt to authenticate usernames. Beware.
[19:52:31] [Server thread/WARN]: While this makes the game possible to play without internet access, it also opens up the ability for hackers to connect with any username they choose.
[19:52:31] [Server thread/WARN]: To change this, set "online-mode" to "true" in the server.properties file.
[19:52:31] [Server thread/INFO]: Preparing level "world"
[19:52:32] [Server thread/INFO]: Preparing start region for dimension minecraft:overworld
[19:52:32] [Server thread/INFO]: Time elapsed: 633 ms
[19:52:32] [Server thread/INFO]: Preparing start region for dimension minecraft:the_nether
[19:52:32] [Server thread/INFO]: Time elapsed: 50 ms
[19:52:32] [Server thread/INFO]: Preparing start region for dimension minecraft:the_end
[19:52:32] [Server thread/INFO]: Time elapsed: 49 ms
[19:52:32] [Server thread/INFO]: [fenixutilities] Enabling fenixutilities v1.0-SNAPSHOT
[19:52:32] [Server thread/INFO]: [fenixutilities] Fenix utilities has been enabled
[19:52:32] [Server thread/INFO]: [spark] Starting background profiler...
[19:52:33] [Server thread/INFO]: [spark] The async-profiler engine is not supported for your os/arch (windows11/amd64), so the built-in Java engine will be used instead.
[19:52:33] [Server thread/INFO]: Done preparing level "world" (1.233s)
[19:52:33] [Server thread/INFO]: Running delayed init tasks
[19:52:33] [Server thread/INFO]: Done (9.792s)! For help, type "help"
[19:52:33] [Server thread/INFO]: Timings Reset
[19:52:35] [User Authenticator #0/INFO]: UUID of player MrNullYT is e4d23537-2936-311f-82cc-0f9772a2f71b
[19:52:36] [Server thread/INFO]: MrNullYT joined the game
[19:52:36] [Server thread/INFO]: MrNullYT[/127.0.0.1:49519] logged in with entity id 18 at ([world]1619.9820842392323, 106.0, 657.7704295252348)
[19:52:43] [Server thread/INFO]: MrNullYT issued server command: /homelist
[19:52:47] [Server thread/INFO]: MrNullYT issued server command: /home hme
[19:53:37] [Server thread/INFO]: Stopping the server
[19:53:37] [Server thread/INFO]: Stopping server
[19:53:37] [Server thread/INFO]: [fenixutilities] Disabling fenixutilities v1.0-SNAPSHOT
[19:53:37] [Server thread/INFO]: [fenixutilities] Fenix utilities has been disabled
[19:53:37] [Server thread/INFO]: Saving players
[19:53:37] [Server thread/INFO]: MrNullYT lost connection: Server closed
[19:53:37] [Server thread/INFO]: MrNullYT left the game
[19:53:37] [Server thread/INFO]: Saving worlds
[19:53:37] [Server thread/INFO]: Saving chunks for level 'ServerLevel[world]'/minecraft:overworld
[19:53:37] [Server thread/INFO]: [ChunkHolderManager] Waiting 60s for chunk system to halt for world 'world'
[19:53:37] [Server thread/INFO]: [ChunkHolderManager] Halted chunk system for world 'world'
[19:53:37] [Server thread/INFO]: [ChunkHolderManager] Saving all chunkholders for world 'world'
[19:53:39] [Server thread/INFO]: [ChunkHolderManager] Saved 2108 block chunks, 674 entity chunks, 5 poi chunks in world 'world' in 1,90s
[19:53:39] [Server thread/INFO]: Saving chunks for level 'ServerLevel[world_nether]'/minecraft:the_nether
[19:53:39] [Server thread/INFO]: [ChunkHolderManager] Waiting 60s for chunk system to halt for world 'world_nether'
[19:53:39] [Server thread/INFO]: [ChunkHolderManager] Halted chunk system for world 'world_nether'
[19:53:39] [Server thread/INFO]: [ChunkHolderManager] Saving all chunkholders for world 'world_nether'
[19:53:39] [Server thread/INFO]: [ChunkHolderManager] Saved 49 block chunks, 49 entity chunks, 0 poi chunks in world 'world_nether' in 0,07s
[19:53:39] [Server thread/INFO]: Saving chunks for level 'ServerLevel[world_the_end]'/minecraft:the_end
[19:53:39] [Server thread/INFO]: [ChunkHolderManager] Waiting 60s for chunk system to halt for world 'world_the_end'
[19:53:39] [Server thread/INFO]: [ChunkHolderManager] Halted chunk system for world 'world_the_end'
[19:53:39] [Server thread/INFO]: [ChunkHolderManager] Saving all chunkholders for world 'world_the_end'
[19:53:39] [Server thread/INFO]: [ChunkHolderManager] Saved 49 block chunks, 49 entity chunks, 0 poi chunks in world 'world_the_end' in 0,03s
[19:53:39] [Server thread/INFO]: ThreadedAnvilChunkStorage (world): All chunks are saved
[19:53:39] [Server thread/INFO]: ThreadedAnvilChunkStorage (DIM-1): All chunks are saved
[19:53:39] [Server thread/INFO]: ThreadedAnvilChunkStorage (DIM1): All chunks are saved
[19:53:39] [Server thread/INFO]: ThreadedAnvilChunkStorage: All dimensions are saved
